# JRE version: OpenJDK Runtime Environment (19.0.1+10) (build 19.0.1+10-21)
# Java VM: OpenJDK 64-Bit Server VM (19.0.1+10-21, mixed mode, sharing, tiered, compressed oops, compressed class ptrs, g1 gc, windows-amd64)
GC Precious Log:
 CardTable entry size: 512
 Card Set container configuration: InlinePtr #cards 4 size 8 Array Of Cards #cards 16 size 48 Howl #buckets 8 coarsen threshold 3686 Howl Bitmap #cards 512 size 80 coarsen threshold 460 Card regions per heap region 1 cards per card region 4096
 CPUs: 8 total, 8 available
 Memory: 16165M
 Large Page Support: Disabled
 NUMA Support: Disabled
 Compressed Oops: Enabled (Zero based)
 Heap Region Size: 2M
 Heap Min Capacity: 8M
 Heap Initial Capacity: 254M
 Heap Max Capacity: 4042M
 Pre-touch: Disabled
 Parallel Workers: 8
 Concurrent Workers: 2
 Concurrent Refinement Workers: 8
 Periodic GC: Disabled
Heap:
 garbage-first heap   total 778240K, used 353262K [0x0000000703600000, 0x0000000800000000)
  region size 2048K, 38 young (77824K), 4 survivors (8192K)
 Metaspace       used 3895K, committed 4096K, reserved 1114112K
  class space    used 267K, committed 384K, reserved 1048576K
GC Heap History (14 events):
Event: 0.797 GC heap before
{Heap before GC invocations=0 (full 0):
 garbage-first heap   total 260096K, used 22528K [0x0000000703600000, 0x0000000800000000)
  region size 2048K, 11 young (22528K), 0 survivors (0K)
 Metaspace       used 3832K, committed 4032K, reserved 1114112K
  class space    used 263K, committed 384K, reserved 1048576K
}
Event: 0.807 GC heap after
{Heap after GC invocations=1 (full 0):
 garbage-first heap   total 260096K, used 13792K [0x0000000703600000, 0x0000000800000000)
  region size 2048K, 2 young (4096K), 2 survivors (4096K)
 Metaspace       used 3832K, committed 4032K, reserved 1114112K
  class space    used 263K, committed 384K, reserved 1048576K
}
Event: 0.831 GC heap before
{Heap before GC invocations=1 (full 0):
 garbage-first heap   total 260096K, used 30176K [0x0000000703600000, 0x0000000800000000)
  region size 2048K, 9 young (18432K), 2 survivors (4096K)
 Metaspace       used 3838K, committed 4032K, reserved 1114112K
  class space    used 264K, committed 384K, reserved 1048576K
}
Event: 0.843 GC heap after
{Heap after GC invocations=2 (full 0):
 garbage-first heap   total 260096K, used 28672K [0x0000000703600000, 0x0000000800000000)
  region size 2048K, 2 young (4096K), 2 survivors (4096K)
 Metaspace       used 3838K, committed 4032K, reserved 1114112K
  class space    used 264K, committed 384K, reserved 1048576K
}
Event: 0.873 GC heap before
{Heap before GC invocations=2 (full 0):
 garbage-first heap   total 260096K, used 55296K [0x0000000703600000, 0x0000000800000000)
  region size 2048K, 13 young (26624K), 2 survivors (4096K)
 Metaspace       used 3838K, committed 4032K, reserved 1114112K
  class space    used 264K, committed 384K, reserved 1048576K
}
Event: 0.891 GC heap after
{Heap after GC invocations=3 (full 0):
 garbage-first heap   total 260096K, used 56838K [0x0000000703600000, 0x0000000800000000)
  region size 2048K, 2 young (4096K), 2 survivors (4096K)
 Metaspace       used 3838K, committed 4032K, reserved 1114112K
  class space    used 264K, committed 384K, reserved 1048576K
}
Event: 0.929 GC heap before
{Heap before GC invocations=3 (full 0):
 garbage-first heap   total 260096K, used 97798K [0x0000000703600000, 0x0000000800000000)
  region size 2048K, 17 young (34816K), 2 survivors (4096K)
 Metaspace       used 3838K, committed 4032K, reserved 1114112K
  class space    used 264K, committed 384K, reserved 1048576K
}
Event: 0.955 GC heap after
{Heap after GC invocations=4 (full 0):
 garbage-first heap   total 260096K, used 100278K [0x0000000703600000, 0x0000000800000000)
  region size 2048K, 3 young (6144K), 3 survivors (6144K)
 Metaspace       used 3838K, committed 4032K, reserved 1114112K
  class space    used 264K, committed 384K, reserved 1048576K
}
Event: 1.007 GC heap before
{Heap before GC invocations=4 (full 0):
 garbage-first heap   total 260096K, used 137142K [0x0000000703600000, 0x0000000800000000)
  region size 2048K, 21 young (43008K), 3 survivors (6144K)
 Metaspace       used 3839K, committed 4032K, reserved 1114112K
  class space    used 264K, committed 384K, reserved 1048576K
}
Event: 1.037 GC heap after
{Heap after GC invocations=5 (full 0):
 garbage-first heap   total 778240K, used 139264K [0x0000000703600000, 0x0000000800000000)
  region size 2048K, 3 young (6144K), 3 survivors (6144K)
 Metaspace       used 3839K, committed 4032K, reserved 1114112K
  class space    used 264K, committed 384K, reserved 1048576K
}
Event: 1.117 GC heap before
{Heap before GC invocations=5 (full 0):
 garbage-first heap   total 778240K, used 192512K [0x0000000703600000, 0x0000000800000000)
  region size 2048K, 25 young (51200K), 3 survivors (6144K)
 Metaspace       used 3845K, committed 4032K, reserved 1114112K
  class space    used 264K, committed 384K, reserved 1048576K
}
Event: 1.141 GC heap after
{Heap after GC invocations=6 (full 0):
 garbage-first heap   total 778240K, used 195415K [0x0000000703600000, 0x0000000800000000)
  region size 2048K, 4 young (8192K), 4 survivors (8192K)
 Metaspace       used 3845K, committed 4032K, reserved 1114112K
  class space    used 264K, committed 384K, reserved 1048576K
}
Event: 1.210 GC heap before
{Heap before GC invocations=6 (full 0):
 garbage-first heap   total 778240K, used 265047K [0x0000000703600000, 0x0000000800000000)
  region size 2048K, 32 young (65536K), 4 survivors (8192K)
 Metaspace       used 3857K, committed 4032K, reserved 1114112K
  class space    used 265K, committed 384K, reserved 1048576K
}
Event: 1.239 GC heap after
{Heap after GC invocations=7 (full 0):
 garbage-first heap   total 778240K, used 269294K [0x0000000703600000, 0x0000000800000000)
  region size 2048K, 4 young (8192K), 4 survivors (8192K)
 Metaspace       used 3857K, committed 4032K, reserved 1114112K
  class space    used 265K, committed 384K, reserved 1048576K
}

